[debug] [2023-06-22T13:18:01.307Z] ----------------------------------------------------------------------
[debug] [2023-06-22T13:18:01.310Z] Command:       C:\Program Files\nodejs\node.exe C:\Users\mafte\AppData\Roaming\npm\node_modules\firebase-tools\lib\bin\firebase.js init
[debug] [2023-06-22T13:18:01.311Z] CLI Version:   12.4.0
[debug] [2023-06-22T13:18:01.311Z] Platform:      win32
[debug] [2023-06-22T13:18:01.312Z] Node Version:  v18.15.0
[debug] [2023-06-22T13:18:01.313Z] Time:          Thu Jun 22 2023 16:18:01 GMT+0300 (Eastern European Summer Time)
[debug] [2023-06-22T13:18:01.313Z] ----------------------------------------------------------------------
[debug] 
[debug] [2023-06-22T13:18:01.325Z] > command requires scopes: ["email","openid","https://www.googleapis.com/auth/cloudplatformprojects.readonly","https://www.googleapis.com/auth/firebase","https://www.googleapis.com/auth/cloud-platform"]
[debug] [2023-06-22T13:18:01.326Z] > authorizing via signed-in user (maftei.a2014@gmail.com)
[info] 
     ######## #### ########  ######## ########     ###     ######  ########
     ##        ##  ##     ## ##       ##     ##  ##   ##  ##       ##
     ######    ##  ########  ######   ########  #########  ######  ######
     ##        ##  ##    ##  ##       ##     ## ##     ##       ## ##
     ##       #### ##     ## ######## ########  ##     ##  ######  ########

You're about to initialize a Firebase project in this directory:

  C:\Users\mafte\OneDrive\Desktop\Certificates\Certi

[info] 
=== Project Setup
[info] 
[info] First, let's associate this project directory with a Firebase project.
[info] You can create multiple project aliases by running firebase use --add, 
[info] but for now we'll just set up a default project.
[info] 
[debug] [2023-06-22T13:19:39.843Z] >>> [apiv2][query] GET https://firebase.googleapis.com/v1beta1/projects pageSize=100
[debug] [2023-06-22T13:19:40.479Z] <<< [apiv2][status] GET https://firebase.googleapis.com/v1beta1/projects 200
[debug] [2023-06-22T13:19:40.479Z] <<< [apiv2][body] GET https://firebase.googleapis.com/v1beta1/projects [omitted]
[info] i  Using project certificates-40288 (Certificates) 
[info] 
=== Hosting Setup
[info] 
[info] Your public directory is the folder (relative to your project directory) that
[info] will contain Hosting assets to be uploaded with firebase deploy. If you
[info] have a build process for your assets, use your build's output directory.
[info] 
